<?xml version="1.0" encoding="UTF-8"?>
<!-- Generated by org.testng.reporters.JUnitXMLReporter -->
<testsuite ignored="0" hostname="DESKTOP-BVTITEN" failures="1" tests="1" name="Vue" time="160.888" errors="0" timestamp="2026-08-19T13:18:06 PKT">
  <testcase classname="com.todomvc.tests.CrossFrameworkTest" name="seededActionSequenceMatchesModel" time="14.359">
    <failure type="java.lang.AssertionError" message="Visible todo list text mismatch after action #1: lists don&amp;apos;t have the same size expected [1] but found [0]">
      <![CDATA[java.lang.AssertionError: Visible todo list text mismatch after action #1: lists don't have the same size expected [1] but found [0]
at com.todomvc.tests.BaseTodoTest.assertStateMatches(BaseTodoTest.java:159)
at com.todomvc.tests.BaseTodoTest.executeAction(BaseTodoTest.java:123)
at com.todomvc.tests.CrossFrameworkTest.seededActionSequenceMatchesModel(CrossFrameworkTest.java:39)
at java.base/java.util.ArrayList.forEach(ArrayList.java:1612)
at java.base/java.util.concurrent.FutureTask.run(FutureTask.java:330)
at java.base/java.util.concurrent.ThreadPoolExecutor.runWorker(ThreadPoolExecutor.java:1090)
at java.base/java.util.concurrent.ThreadPoolExecutor$Worker.run(ThreadPoolExecutor.java:614)
at java.base/java.lang.Thread.run(Thread.java:1516)
... Removed 22 stack frames]]>
    </failure>
  </testcase> <!-- seededActionSequenceMatchesModel -->
</testsuite> <!-- Vue -->
