<?xml version="1.0" encoding="UTF-8"?>
<testng-results ignored="0" total="3" passed="0" failed="3" skipped="0">
  <reporter-output>
  </reporter-output>
  <suite started-at="2026-08-19T13:15:25 PKT" name="TodoMVC-CrossFramework-Suite" finished-at="2026-08-19T13:18:06 PKT" duration-ms="160888">
    <groups>
    </groups>
    <test started-at="2026-08-19T13:15:25 PKT" name="Vue" finished-at="2026-08-19T13:18:06 PKT" duration-ms="160888">
      <class name="com.todomvc.tests.CrossFrameworkTest">
        <test-method is-config="true" signature="setUp(org.testng.ITestContext)[pri:0, instance:com.todomvc.tests.CrossFrameworkTest@1a5b8489]" started-at="2026-08-19T13:15:25 PKT" name="setUp" finished-at="2026-08-19T13:17:26 PKT" duration-ms="120849" status="PASS">
          <params>
            <param index="0">
              <value>
                <![CDATA[org.testng.TestRunner@4c0884e8]]>
              </value>
            </param>
          </params>
          <reporter-output>
          </reporter-output>
        </test-method> <!-- setUp -->
        <test-method signature="seededActionSequenceMatchesModel()[pri:0, instance:com.todomvc.tests.CrossFrameworkTest@1a5b8489]" started-at="2026-08-19T13:17:32 PKT" name="seededActionSequenceMatchesModel" description="30 seeded actions reproduce identically and app state matches the independent model after every step" finished-at="2026-08-19T13:17:46 PKT" duration-ms="14359" status="FAIL">
          <exception class="java.lang.AssertionError">
            <message>
              <![CDATA[Visible todo list text mismatch after action #1: lists don't have the same size expected [1] but found [0]]]>
            </message>
            <full-stacktrace>
              <![CDATA[java.lang.AssertionError: Visible todo list text mismatch after action #1: lists don't have the same size expected [1] but found [0]
at org.testng.Assert.fail(Assert.java:111)
at org.testng.Assert.failNotEquals(Assert.java:1578)
at org.testng.Assert.assertEqualsImpl(Assert.java:150)
at org.testng.Assert.assertEquals(Assert.java:132)
at org.testng.Assert.assertEquals(Assert.java:1419)
at org.testng.Assert.assertEquals(Assert.java:1383)
at org.testng.Assert.assertEquals(Assert.java:1630)
at com.todomvc.tests.BaseTodoTest.assertStateMatches(BaseTodoTest.java:159)
at com.todomvc.tests.BaseTodoTest.executeAction(BaseTodoTest.java:123)
at com.todomvc.tests.CrossFrameworkTest.seededActionSequenceMatchesModel(CrossFrameworkTest.java:39)
at java.base/jdk.internal.reflect.DirectMethodHandleAccessor.invoke(DirectMethodHandleAccessor.java:104)
at java.base/java.lang.reflect.Method.invoke(Method.java:565)
at org.testng.internal.invokers.MethodInvocationHelper.invokeMethod(MethodInvocationHelper.java:141)
at org.testng.internal.invokers.TestInvoker.invokeMethod(TestInvoker.java:686)
at org.testng.internal.invokers.TestInvoker.invokeTestMethod(TestInvoker.java:230)
at org.testng.internal.invokers.MethodRunner.runInSequence(MethodRunner.java:63)
at org.testng.internal.invokers.TestInvoker$MethodInvocationAgent.invoke(TestInvoker.java:992)
at org.testng.internal.invokers.TestInvoker.invokeTestMethods(TestInvoker.java:203)
at org.testng.internal.invokers.TestMethodWorker.invokeTestMethods(TestMethodWorker.java:154)
at org.testng.internal.invokers.TestMethodWorker.run(TestMethodWorker.java:134)
at java.base/java.util.ArrayList.forEach(ArrayList.java:1612)
at org.testng.TestRunner.privateRun(TestRunner.java:739)
at org.testng.TestRunner.run(TestRunner.java:614)
at org.testng.SuiteRunner.runTest(SuiteRunner.java:421)
at org.testng.SuiteRunner$SuiteWorker.run(SuiteRunner.java:463)
at org.testng.internal.thread.ThreadUtil.lambda$execute$0(ThreadUtil.java:64)
at java.base/java.util.concurrent.FutureTask.run(FutureTask.java:330)
at java.base/java.util.concurrent.ThreadPoolExecutor.runWorker(ThreadPoolExecutor.java:1090)
at java.base/java.util.concurrent.ThreadPoolExecutor$Worker.run(ThreadPoolExecutor.java:614)
at java.base/java.lang.Thread.run(Thread.java:1516)
]]>
            </full-stacktrace>
          </exception> <!-- java.lang.AssertionError -->
          <reporter-output>
          </reporter-output>
        </test-method> <!-- seededActionSequenceMatchesModel -->
        <test-method is-config="true" signature="tearDown()[pri:0, instance:com.todomvc.tests.CrossFrameworkTest@1a5b8489]" started-at="2026-08-19T13:17:46 PKT" name="tearDown" finished-at="2026-08-19T13:18:06 PKT" duration-ms="19888" status="PASS">
          <reporter-output>
          </reporter-output>
        </test-method> <!-- tearDown -->
      </class> <!-- com.todomvc.tests.CrossFrameworkTest -->
    </test> <!-- Vue -->
    <test started-at="2026-08-19T13:15:25 PKT" name="React" finished-at="2026-08-19T13:18:06 PKT" duration-ms="160888">
      <class name="com.todomvc.tests.CrossFrameworkTest">
        <test-method is-config="true" signature="setUp(org.testng.ITestContext)[pri:0, instance:com.todomvc.tests.CrossFrameworkTest@7c9b78e3]" started-at="2026-08-19T13:15:25 PKT" name="setUp" finished-at="2026-08-19T13:17:26 PKT" duration-ms="120848" status="PASS">
          <params>
            <param index="0">
              <value>
                <![CDATA[org.testng.TestRunner@231baf51]]>
              </value>
            </param>
          </params>
          <reporter-output>
          </reporter-output>
        </test-method> <!-- setUp -->
        <test-method signature="seededActionSequenceMatchesModel()[pri:0, instance:com.todomvc.tests.CrossFrameworkTest@7c9b78e3]" started-at="2026-08-19T13:17:32 PKT" name="seededActionSequenceMatchesModel" description="30 seeded actions reproduce identically and app state matches the independent model after every step" finished-at="2026-08-19T13:17:46 PKT" duration-ms="14371" status="FAIL">
          <exception class="java.lang.AssertionError">
            <message>
              <![CDATA[Visible todo list text mismatch after action #1: lists don't have the same size expected [1] but found [0]]]>
            </message>
            <full-stacktrace>
              <![CDATA[java.lang.AssertionError: Visible todo list text mismatch after action #1: lists don't have the same size expected [1] but found [0]
at org.testng.Assert.fail(Assert.java:111)
at org.testng.Assert.failNotEquals(Assert.java:1578)
at org.testng.Assert.assertEqualsImpl(Assert.java:150)
at org.testng.Assert.assertEquals(Assert.java:132)
at org.testng.Assert.assertEquals(Assert.java:1419)
at org.testng.Assert.assertEquals(Assert.java:1383)
at org.testng.Assert.assertEquals(Assert.java:1630)
at com.todomvc.tests.BaseTodoTest.assertStateMatches(BaseTodoTest.java:159)
at com.todomvc.tests.BaseTodoTest.executeAction(BaseTodoTest.java:123)
at com.todomvc.tests.CrossFrameworkTest.seededActionSequenceMatchesModel(CrossFrameworkTest.java:39)
at java.base/jdk.internal.reflect.DirectMethodHandleAccessor.invoke(DirectMethodHandleAccessor.java:104)
at java.base/java.lang.reflect.Method.invoke(Method.java:565)
at org.testng.internal.invokers.MethodInvocationHelper.invokeMethod(MethodInvocationHelper.java:141)
at org.testng.internal.invokers.TestInvoker.invokeMethod(TestInvoker.java:686)
at org.testng.internal.invokers.TestInvoker.invokeTestMethod(TestInvoker.java:230)
at org.testng.internal.invokers.MethodRunner.runInSequence(MethodRunner.java:63)
at org.testng.internal.invokers.TestInvoker$MethodInvocationAgent.invoke(TestInvoker.java:992)
at org.testng.internal.invokers.TestInvoker.invokeTestMethods(TestInvoker.java:203)
at org.testng.internal.invokers.TestMethodWorker.invokeTestMethods(TestMethodWorker.java:154)
at org.testng.internal.invokers.TestMethodWorker.run(TestMethodWorker.java:134)
at java.base/java.util.ArrayList.forEach(ArrayList.java:1612)
at org.testng.TestRunner.privateRun(TestRunner.java:739)
at org.testng.TestRunner.run(TestRunner.java:614)
at org.testng.SuiteRunner.runTest(SuiteRunner.java:421)
at org.testng.SuiteRunner$SuiteWorker.run(SuiteRunner.java:463)
at org.testng.internal.thread.ThreadUtil.lambda$execute$0(ThreadUtil.java:64)
at java.base/java.util.concurrent.FutureTask.run(FutureTask.java:330)
at java.base/java.util.concurrent.ThreadPoolExecutor.runWorker(ThreadPoolExecutor.java:1090)
at java.base/java.util.concurrent.ThreadPoolExecutor$Worker.run(ThreadPoolExecutor.java:614)
at java.base/java.lang.Thread.run(Thread.java:1516)
]]>
            </full-stacktrace>
          </exception> <!-- java.lang.AssertionError -->
          <reporter-output>
          </reporter-output>
        </test-method> <!-- seededActionSequenceMatchesModel -->
        <test-method is-config="true" signature="tearDown()[pri:0, instance:com.todomvc.tests.CrossFrameworkTest@7c9b78e3]" started-at="2026-08-19T13:17:46 PKT" name="tearDown" finished-at="2026-08-19T13:18:06 PKT" duration-ms="19887" status="PASS">
          <reporter-output>
          </reporter-output>
        </test-method> <!-- tearDown -->
      </class> <!-- com.todomvc.tests.CrossFrameworkTest -->
    </test> <!-- React -->
    <test started-at="2026-08-19T13:15:25 PKT" name="Angular" finished-at="2026-08-19T13:18:06 PKT" duration-ms="160888">
      <class name="com.todomvc.tests.CrossFrameworkTest">
        <test-method is-config="true" signature="setUp(org.testng.ITestContext)[pri:0, instance:com.todomvc.tests.CrossFrameworkTest@4b1c0397]" started-at="2026-08-19T13:15:25 PKT" name="setUp" finished-at="2026-08-19T13:17:28 PKT" duration-ms="122543" status="PASS">
          <params>
            <param index="0">
              <value>
                <![CDATA[org.testng.TestRunner@11841b15]]>
              </value>
            </param>
          </params>
          <reporter-output>
          </reporter-output>
        </test-method> <!-- setUp -->
        <test-method signature="seededActionSequenceMatchesModel()[pri:0, instance:com.todomvc.tests.CrossFrameworkTest@4b1c0397]" started-at="2026-08-19T13:17:32 PKT" name="seededActionSequenceMatchesModel" description="30 seeded actions reproduce identically and app state matches the independent model after every step" finished-at="2026-08-19T13:17:46 PKT" duration-ms="14371" status="FAIL">
          <exception class="java.lang.AssertionError">
            <message>
              <![CDATA[Visible todo list text mismatch after action #1: lists don't have the same size expected [1] but found [0]]]>
            </message>
            <full-stacktrace>
              <![CDATA[java.lang.AssertionError: Visible todo list text mismatch after action #1: lists don't have the same size expected [1] but found [0]
at org.testng.Assert.fail(Assert.java:111)
at org.testng.Assert.failNotEquals(Assert.java:1578)
at org.testng.Assert.assertEqualsImpl(Assert.java:150)
at org.testng.Assert.assertEquals(Assert.java:132)
at org.testng.Assert.assertEquals(Assert.java:1419)
at org.testng.Assert.assertEquals(Assert.java:1383)
at org.testng.Assert.assertEquals(Assert.java:1630)
at com.todomvc.tests.BaseTodoTest.assertStateMatches(BaseTodoTest.java:159)
at com.todomvc.tests.BaseTodoTest.executeAction(BaseTodoTest.java:123)
at com.todomvc.tests.CrossFrameworkTest.seededActionSequenceMatchesModel(CrossFrameworkTest.java:39)
at java.base/jdk.internal.reflect.DirectMethodHandleAccessor.invoke(DirectMethodHandleAccessor.java:104)
at java.base/java.lang.reflect.Method.invoke(Method.java:565)
at org.testng.internal.invokers.MethodInvocationHelper.invokeMethod(MethodInvocationHelper.java:141)
at org.testng.internal.invokers.TestInvoker.invokeMethod(TestInvoker.java:686)
at org.testng.internal.invokers.TestInvoker.invokeTestMethod(TestInvoker.java:230)
at org.testng.internal.invokers.MethodRunner.runInSequence(MethodRunner.java:63)
at org.testng.internal.invokers.TestInvoker$MethodInvocationAgent.invoke(TestInvoker.java:992)
at org.testng.internal.invokers.TestInvoker.invokeTestMethods(TestInvoker.java:203)
at org.testng.internal.invokers.TestMethodWorker.invokeTestMethods(TestMethodWorker.java:154)
at org.testng.internal.invokers.TestMethodWorker.run(TestMethodWorker.java:134)
at java.base/java.util.ArrayList.forEach(ArrayList.java:1612)
at org.testng.TestRunner.privateRun(TestRunner.java:739)
at org.testng.TestRunner.run(TestRunner.java:614)
at org.testng.SuiteRunner.runTest(SuiteRunner.java:421)
at org.testng.SuiteRunner$SuiteWorker.run(SuiteRunner.java:463)
at org.testng.internal.thread.ThreadUtil.lambda$execute$0(ThreadUtil.java:64)
at java.base/java.util.concurrent.FutureTask.run(FutureTask.java:330)
at java.base/java.util.concurrent.ThreadPoolExecutor.runWorker(ThreadPoolExecutor.java:1090)
at java.base/java.util.concurrent.ThreadPoolExecutor$Worker.run(ThreadPoolExecutor.java:614)
at java.base/java.lang.Thread.run(Thread.java:1516)
]]>
            </full-stacktrace>
          </exception> <!-- java.lang.AssertionError -->
          <reporter-output>
          </reporter-output>
        </test-method> <!-- seededActionSequenceMatchesModel -->
        <test-method is-config="true" signature="tearDown()[pri:0, instance:com.todomvc.tests.CrossFrameworkTest@4b1c0397]" started-at="2026-08-19T13:17:46 PKT" name="tearDown" finished-at="2026-08-19T13:18:06 PKT" duration-ms="19885" status="PASS">
          <reporter-output>
          </reporter-output>
        </test-method> <!-- tearDown -->
      </class> <!-- com.todomvc.tests.CrossFrameworkTest -->
    </test> <!-- Angular -->
  </suite> <!-- TodoMVC-CrossFramework-Suite -->
</testng-results>
